BUILD_VERSION: USB2ISH_DLL_M00.10
BUILD_DATE: Aug 22 2016
BUILD_TIME: 15:16:52
Dll_Process_Attach++
Dll_Process_Attach--
Dll_Process_Detach++
Dll_Process_Detach--
-----------      End       -----------
BUILD_VERSION: USB2ISH_DLL_M00.10
BUILD_DATE: Aug 22 2016
BUILD_TIME: 15:16:52
Dll_Process_Attach++
Dll_Process_Attach--
USBIO_SetUSBNotify--
Dll_Process_Detach++
Dll_Process_Detach--
-----------      End       -----------
BUILD_VERSION: USB2ISH_DLL_M00.10
BUILD_DATE: Aug 22 2016
BUILD_TIME: 15:16:52
Dll_Process_Attach++
Dll_Process_Attach--
USBIO_SetUSBNotify--
USBIO_OpenDevice++
DEV_EXIST_UNOPENED \\?\USB#VID_F134&PID_8001#BSPT002144#{A5DCBF10-6530-11D2-901F-00C04FB951ED}
dev index = 0 opened !
USBIO_OpenDevice--
USB2ish[0] USBIO_GetSerialNo++
USB2ish[0] USBIO_GetSerialNo--
USB2ish[0] USBIO_GetSerialNo--
USB2ish[0] USBIO_GetWorkMode++
UIS_Tx++
UIS_Tx--
UIS_Rx++
WAIT_OBJECT_0 wRxSize=1
UIS_Rx--
USB2ish[0] USBIO_GetWorkMode--
USB2ish[0] USBIO_SetTrigNotify++
USB2ish[0] USBIO_SetTrigNotify--
USB2ish[0] USBIO_I2cGetConfig++
DeviceControlWrite++
DeviceControlWrite--
DeviceControlRead++
USB2ish[0] TrigFunction++
handle = 458--
one--
DeviceControlRead--
VerifyCheckSum++
bySum = 81  pbyBuff= 81 0 A0 7F
check sum ok!
VerifyCheckSum--
USB2ish[0] USBIO_I2cGetConfig--
USB2ish[0] USBIO_SPIGetConfig++
DeviceControlWrite++
DeviceControlWrite--
DeviceControlRead++
DeviceControlRead--
VerifyCheckSum++
bySum = 82  pbyBuff= 82 4 7E 53
check sum ok!
VerifyCheckSum--
USB2ish[0] USBIO_SpiGetConfig--
USB2ish[0] USBIO_CloseDevice++
USB2ish[0] USBIO_CloseDevice--
Trigged!
USB2ish[0] TrigFunction--
USBIO_OpenDevice++
DEV_EXIST_UNOPENED \\?\USB#VID_F134&PID_8001#BSPT002144#{A5DCBF10-6530-11D2-901F-00C04FB951ED}
dev index = 0 opened !
USBIO_OpenDevice--
USB2ish[0] USBIO_GetSerialNo++
USB2ish[0] USBIO_GetSerialNo--
USB2ish[0] USBIO_GetSerialNo--
USB2ish[0] USBIO_GetWorkMode++
UIS_Tx++
WriteFile fail err=997
UIS_Tx--
UIS_Tx fail
USB2ish[0] USBIO_GetWorkMode--
USB2ish[0] USBIO_GetSerialNo++
USB2ish[0] USBIO_GetSerialNo--
USB2ish[0] USBIO_GetSerialNo--
USB2ish[0] USBIO_UpdateSector++
UIS_Tx++
WriteFile fail err=997
UIS_Tx--
UIS_Tx fail
WM_DEVICECHANGE
MonitoUSB++
DBT_DEVICEREMOVECOMPLETE \\?\USB#VID_F134&PID_8001#BSPT002144#{A5DCBF10-6530-11D2-901F-00C04FB951ED}
USB device removed
MonitoUSB--
USB2ish[0] USBIO_CloseDevice++
USB2ish[0] USBIO_CloseDevice--
WM_DEVICECHANGE
MonitoUSB++
MonitoUSB--
WM_DEVICECHANGE
MonitoUSB++
MonitoUSB--
WM_DEVICECHANGE
MonitoUSB++
DBT_DEVICEARRIVAL \\?\USB#VID_F134&PID_8001#BSPT002144#{A5DCBF10-6530-11D2-901F-00C04FB951ED}
Find a existed index = 0
USB device pluged
MonitoUSB--
WM_DEVICECHANGE
MonitoUSB++
MonitoUSB--
WM_DEVICECHANGE
MonitoUSB++
DBT_DEVICEREMOVECOMPLETE \\?\USB#VID_F134&PID_8001#BSPT002144#{A5DCBF10-6530-11D2-901F-00C04FB951ED}
USB device removed
MonitoUSB--
WM_DEVICECHANGE
MonitoUSB++
MonitoUSB--
WM_DEVICECHANGE
MonitoUSB++
MonitoUSB--
WM_DEVICECHANGE
MonitoUSB++
DBT_DEVICEARRIVAL \\?\USB#VID_F134&PID_8001#BSPT002144#{A5DCBF10-6530-11D2-901F-00C04FB951ED}
Find a empty index = 0
update dev[0] path = \\?\USB#VID_F134&PID_8001#BSPT002144#{A5DCBF10-6530-11D2-901F-00C04FB951ED}
USB device pluged
MonitoUSB--
WM_DEVICECHANGE
MonitoUSB++
MonitoUSB--
USBIO_OpenDevice++
DEV_EXIST_UNOPENED \\?\USB#VID_F134&PID_8001#BSPT002144#{A5DCBF10-6530-11D2-901F-00C04FB951ED}
dev index = 0 opened !
USBIO_OpenDevice--
USB2ish[0] USBIO_GetSerialNo++
USB2ish[0] USBIO_GetSerialNo--
USB2ish[0] USBIO_GetSerialNo--
USB2ish[0] USBIO_GetWorkMode++
UIS_Tx++
UIS_Tx--
UIS_Rx++
WAIT_OBJECT_0 wRxSize=1
UIS_Rx--
USB2ish[0] USBIO_GetWorkMode--
USB2ish[0] USBIO_GetSerialNo++
USB2ish[0] USBIO_GetSerialNo--
USB2ish[0] USBIO_GetSerialNo--
USB2ish[0] USBIO_UpdateSector++
UIS_Tx++
UIS_Tx--
UIS_Rx++
WAIT_OBJECT_0 wRxSize=1
UIS_Rx--
USB2ish[0] USBIO_UpdateSector--
USB2ish[0] USBIO_UpdateSector++
UIS_Tx++
UIS_Tx--
UIS_Rx++
WAIT_OBJECT_0 wRxSize=1
UIS_Rx--
USB2ish[0] USBIO_UpdateSector--
USB2ish[0] USBIO_UpdateSector++
UIS_Tx++
UIS_Tx--
UIS_Rx++
WAIT_OBJECT_0 wRxSize=1
UIS_Rx--
USB2ish[0] USBIO_UpdateSector--
USB2ish[0] USBIO_UpdateSector++
UIS_Tx++
UIS_Tx--
UIS_Rx++
WAIT_OBJECT_0 wRxSize=1
UIS_Rx--
USB2ish[0] USBIO_UpdateSector--
USB2ish[0] USBIO_UpdateSector++
UIS_Tx++
UIS_Tx--
UIS_Rx++
WAIT_OBJECT_0 wRxSize=1
UIS_Rx--
USB2ish[0] USBIO_UpdateSector--
USB2ish[0] USBIO_UpdateSector++
UIS_Tx++
UIS_Tx--
UIS_Rx++
WAIT_OBJECT_0 wRxSize=1
UIS_Rx--
USB2ish[0] USBIO_UpdateSector--
USB2ish[0] USBIO_UpdateSector++
UIS_Tx++
UIS_Tx--
UIS_Rx++
WAIT_OBJECT_0 wRxSize=1
UIS_Rx--
USB2ish[0] USBIO_UpdateSector--
USB2ish[0] USBIO_UpdateSector++
UIS_Tx++
UIS_Tx--
UIS_Rx++
WAIT_OBJECT_0 wRxSize=1
UIS_Rx--
USB2ish[0] USBIO_UpdateSector--
USB2ish[0] USBIO_UpdateSector++
UIS_Tx++
UIS_Tx--
UIS_Rx++
WAIT_OBJECT_0 wRxSize=1
UIS_Rx--
USB2ish[0] USBIO_UpdateSector--
USB2ish[0] USBIO_UpdateSector++
UIS_Tx++
UIS_Tx--
UIS_Rx++
WAIT_OBJECT_0 wRxSize=1
UIS_Rx--
USB2ish[0] USBIO_UpdateSector--
USB2ish[0] USBIO_UpdateSector++
UIS_Tx++
UIS_Tx--
UIS_Rx++
WAIT_OBJECT_0 wRxSize=1
UIS_Rx--
USB2ish[0] USBIO_UpdateSector--
USB2ish[0] USBIO_UpdateSector++
UIS_Tx++
UIS_Tx--
UIS_Rx++
WAIT_OBJECT_0 wRxSize=1
UIS_Rx--
USB2ish[0] USBIO_UpdateSector--
USB2ish[0] USBIO_UpdateSector++
UIS_Tx++
UIS_Tx--
UIS_Rx++
WAIT_OBJECT_0 wRxSize=1
UIS_Rx--
USB2ish[0] USBIO_UpdateSector--
USB2ish[0] USBIO_UpdateSector++
UIS_Tx++
UIS_Tx--
UIS_Rx++
WAIT_OBJECT_0 wRxSize=1
UIS_Rx--
USB2ish[0] USBIO_UpdateSector--
USB2ish[0] USBIO_UpdateSector++
UIS_Tx++
UIS_Tx--
UIS_Rx++
WAIT_OBJECT_0 wRxSize=1
UIS_Rx--
USB2ish[0] USBIO_UpdateSector--
USB2ish[0] USBIO_UpdateSector++
UIS_Tx++
UIS_Tx--
UIS_Rx++
WAIT_OBJECT_0 wRxSize=1
UIS_Rx--
USB2ish[0] USBIO_UpdateSector--
USB2ish[0] USBIO_UpdateSector++
UIS_Tx++
UIS_Tx--
UIS_Rx++
WAIT_OBJECT_0 wRxSize=1
UIS_Rx--
USB2ish[0] USBIO_UpdateSector--
USB2ish[0] USBIO_UpdateSector++
UIS_Tx++
UIS_Tx--
UIS_Rx++
WAIT_OBJECT_0 wRxSize=1
UIS_Rx--
USB2ish[0] USBIO_UpdateSector--
USB2ish[0] USBIO_UpdateSector++
UIS_Tx++
UIS_Tx--
UIS_Rx++
WAIT_OBJECT_0 wRxSize=1
UIS_Rx--
USB2ish[0] USBIO_UpdateSector--
USB2ish[0] USBIO_UpdateSector++
UIS_Tx++
UIS_Tx--
UIS_Rx++
WAIT_OBJECT_0 wRxSize=1
UIS_Rx--
USB2ish[0] USBIO_UpdateSector--
USB2ish[0] USBIO_UpdateSector++
UIS_Tx++
UIS_Tx--
UIS_Rx++
WAIT_OBJECT_0 wRxSize=1
UIS_Rx--
USB2ish[0] USBIO_UpdateSector--
USB2ish[0] USBIO_UpdateSector++
UIS_Tx++
UIS_Tx--
UIS_Rx++
WAIT_OBJECT_0 wRxSize=1
UIS_Rx--
USB2ish[0] USBIO_UpdateSector--
USB2ish[0] USBIO_CloseDevice++
USB2ish[0] USBIO_CloseDevice--
USBIO_OpenDevice++
DEV_EXIST_UNOPENED \\?\USB#VID_F134&PID_8001#BSPT002144#{A5DCBF10-6530-11D2-901F-00C04FB951ED}
dev index = 0 opened !
USBIO_OpenDevice--
USB2ish[0] USBIO_GetSerialNo++
USB2ish[0] USBIO_GetSerialNo--
USB2ish[0] USBIO_GetSerialNo--
USB2ish[0] USBIO_GetWorkMode++
UIS_Tx++
UIS_Tx--
UIS_Rx++
WAIT_OBJECT_0 wRxSize=1
UIS_Rx--
USB2ish[0] USBIO_GetWorkMode--
USB2ish[0] USBIO_CloseDevice++
USB2ish[0] USBIO_CloseDevice--
USBIO_OpenDevice++
DEV_EXIST_UNOPENED \\?\USB#VID_F134&PID_8001#BSPT002144#{A5DCBF10-6530-11D2-901F-00C04FB951ED}
dev index = 0 opened !
USBIO_OpenDevice--
USB2ish[0] USBIO_GetSerialNo++
USB2ish[0] USBIO_GetSerialNo--
USB2ish[0] USBIO_GetSerialNo--
USB2ish[0] USBIO_GetWorkMode++
UIS_Tx++
UIS_Tx--
UIS_Rx++
WAIT_OBJECT_0 wRxSize=1
UIS_Rx--
USB2ish[0] USBIO_GetWorkMode--
USB2ish[0] USBIO_ExitTrig++
DeviceControlWrite++
DeviceControlWrite--
USB2ish[0] USBIO_ExitTrig--
USB2ish[0] USBIO_CloseDevice++
USB2ish[0] USBIO_CloseDevice--
Dll_Process_Detach++
Dll_Process_Detach--
-----------      End       -----------
BUILD_VERSION: USB2ISH_DLL_M00.10
BUILD_DATE: Aug 22 2016
BUILD_TIME: 15:16:52
Dll_Process_Attach++
Dll_Process_Attach--
USBIO_SetUSBNotify--
Dll_Process_Detach++
Dll_Process_Detach--
-----------      End       -----------
BUILD_VERSION: USB2ISH_DLL_M00.10
BUILD_DATE: Aug 22 2016
BUILD_TIME: 15:16:52
Dll_Process_Attach++
Dll_Process_Attach--
USBIO_SetUSBNotify--
USBIO_OpenDevice++
DEV_EXIST_UNOPENED \\?\USB#VID_F134&PID_8001#BSPT002144#{A5DCBF10-6530-11D2-901F-00C04FB951ED}
dev index = 0 opened !
USBIO_OpenDevice--
USB2ish[0] USBIO_GetSerialNo++
USB2ish[0] USBIO_GetSerialNo--
USB2ish[0] USBIO_GetSerialNo--
USB2ish[0] USBIO_GetWorkMode++
UIS_Tx++
UIS_Tx--
UIS_Rx++
WAIT_OBJECT_0 wRxSize=1
UIS_Rx--
USB2ish[0] USBIO_GetWorkMode--
USB2ish[0] USBIO_ExitTrig++
DeviceControlWrite++
DeviceIoControl fail
DeviceControlWrite--
DeviceControlWrite fail 
USB2ish[0] USBIO_ExitTrig--
USB2ish[0] USBIO_CloseDevice++
USB2ish[0] USBIO_CloseDevice--
Dll_Process_Detach++
Dll_Process_Detach--
-----------      End       -----------
BUILD_VERSION: USB2ISH_DLL_M00.10
BUILD_DATE: Aug 22 2016
BUILD_TIME: 15:16:52
Dll_Process_Attach++
Dll_Process_Attach--
USBIO_SetUSBNotify--
USBIO_OpenDevice++
DEV_EXIST_UNOPENED \\?\USB#VID_F134&PID_8001#BSPT002144#{A5DCBF10-6530-11D2-901F-00C04FB951ED}
dev index = 0 opened !
USBIO_OpenDevice--
USB2ish[0] USBIO_GetSerialNo++
USB2ish[0] USBIO_GetSerialNo--
USB2ish[0] USBIO_GetSerialNo--
USB2ish[0] USBIO_GetWorkMode++
UIS_Tx++
UIS_Tx--
UIS_Rx++
WAIT_OBJECT_0 wRxSize=1
UIS_Rx--
USB2ish[0] USBIO_GetWorkMode--
USB2ish[0] USBIO_CloseDevice++
USB2ish[0] USBIO_CloseDevice--
WM_DEVICECHANGE
MonitoUSB++
DBT_DEVICEREMOVECOMPLETE \\?\USB#VID_F134&PID_8001#BSPT002144#{A5DCBF10-6530-11D2-901F-00C04FB951ED}
USB device removed
MonitoUSB--
WM_DEVICECHANGE
MonitoUSB++
MonitoUSB--
WM_DEVICECHANGE
MonitoUSB++
MonitoUSB--
WM_DEVICECHANGE
MonitoUSB++
DBT_DEVICEARRIVAL \\?\USB#VID_F134&PID_8001#BSPT002144#{A5DCBF10-6530-11D2-901F-00C04FB951ED}
Find a empty index = 0
update dev[0] path = \\?\USB#VID_F134&PID_8001#BSPT002144#{A5DCBF10-6530-11D2-901F-00C04FB951ED}
USB device pluged
MonitoUSB--
WM_DEVICECHANGE
MonitoUSB++
MonitoUSB--
Dll_Process_Detach++
Dll_Process_Detach--
-----------      End       -----------
BUILD_VERSION: USB2ISH_DLL_M00.10
BUILD_DATE: Aug 22 2016
BUILD_TIME: 15:16:52
Dll_Process_Attach++
Dll_Process_Attach--
USBIO_SetUSBNotify--
USBIO_OpenDevice++
DEV_EXIST_UNOPENED \\?\USB#VID_F134&PID_8001#BSPT002144#{A5DCBF10-6530-11D2-901F-00C04FB951ED}
dev index = 0 opened !
USBIO_OpenDevice--
USB2ish[0] USBIO_GetSerialNo++
USB2ish[0] USBIO_GetSerialNo--
USB2ish[0] USBIO_GetSerialNo--
USB2ish[0] USBIO_GetWorkMode++
UIS_Tx++
UIS_Tx--
UIS_Rx++
WAIT_OBJECT_0 wRxSize=1
UIS_Rx--
USB2ish[0] USBIO_GetWorkMode--
USB2ish[0] USBIO_SetTrigNotify++
USB2ish[0] USBIO_SetTrigNotify--
USB2ish[0] USBIO_I2cGetConfig++
DeviceControlWrite++
DeviceControlWrite--
DeviceControlRead++
USB2ish[0] TrigFunction++
handle = 438--
one--
DeviceControlRead--
VerifyCheckSum++
bySum = 81  pbyBuff= 81 0 A0 7F
check sum ok!
VerifyCheckSum--
USB2ish[0] USBIO_I2cGetConfig--
USB2ish[0] USBIO_SPIGetConfig++
DeviceControlWrite++
DeviceControlWrite--
DeviceControlRead++
DeviceControlRead--
VerifyCheckSum++
bySum = 82  pbyBuff= 82 4 7E 53
check sum ok!
VerifyCheckSum--
USB2ish[0] USBIO_SpiGetConfig--
USB2ish[0] USBIO_GetVersion++
USB2ish[0] USBIO_GetVersion--
USB2ish[0] USBIO_GetVersion++
USB2ish[0] USBIO_GetVersion--
USB2ish[0] USBIO_GetVersion++
DeviceControlWrite++
DeviceControlWrite--
DeviceControlRead++
DeviceControlRead--
VerifyCheckSum++
bySum = 8F  pbyBuff= 8F 55 53 42
check sum ok!
VerifyCheckSum--
USB2ish[0] USBIO_GetVersion--
WM_DEVICECHANGE
MonitoUSB++
DBT_DEVICEREMOVECOMPLETE \\?\USB#VID_0456&PID_B630#6&369419C7&0&2#{A5DCBF10-6530-11D2-901F-00C04FB951ED}
USB device removed
MonitoUSB--
WM_DEVICECHANGE
MonitoUSB++
MonitoUSB--
WM_DEVICECHANGE
MonitoUSB++
DBT_DEVICEREMOVECOMPLETE \\?\USB#VID_F134&PID_8001#BSPT002144#{A5DCBF10-6530-11D2-901F-00C04FB951ED}
USB device removed
MonitoUSB--
USB2ish[0] USBIO_CloseDevice++
USB2ish[0] USBIO_CloseDevice--
Trigged!
USB2ish[0] TrigFunction--
WM_DEVICECHANGE
MonitoUSB++
MonitoUSB--
WM_DEVICECHANGE
MonitoUSB++
MonitoUSB--
WM_DEVICECHANGE
MonitoUSB++
DBT_DEVICEARRIVAL \\?\USB#VID_F134&PID_8001#BSPT002144#{A5DCBF10-6530-11D2-901F-00C04FB951ED}
Find a existed index = 0
USB device pluged
MonitoUSB--
WM_DEVICECHANGE
MonitoUSB++
MonitoUSB--
Dll_Process_Detach++
Dll_Process_Detach--
-----------      End       -----------
BUILD_VERSION: USB2ISH_DLL_M00.10
BUILD_DATE: Aug 22 2016
BUILD_TIME: 15:16:52
Dll_Process_Attach++
Dll_Process_Attach--
USBIO_SetUSBNotify--
USBIO_OpenDevice++
DEV_EXIST_UNOPENED \\?\USB#VID_F134&PID_8001#BSPT002144#{A5DCBF10-6530-11D2-901F-00C04FB951ED}
dev index = 0 opened !
USBIO_OpenDevice--
USB2ish[0] USBIO_GetSerialNo++
USB2ish[0] USBIO_GetSerialNo--
USB2ish[0] USBIO_GetSerialNo--
USB2ish[0] USBIO_GetWorkMode++
UIS_Tx++
UIS_Tx--
UIS_Rx++
WAIT_OBJECT_0 wRxSize=1
UIS_Rx--
USB2ish[0] USBIO_GetWorkMode--
USB2ish[0] USBIO_SetTrigNotify++
USB2ish[0] USBIO_SetTrigNotify--
USB2ish[0] USBIO_I2cGetConfig++
DeviceControlWrite++
DeviceControlWrite--
DeviceControlRead++
USB2ish[0] TrigFunction++
handle = 438--
one--
DeviceControlRead--
VerifyCheckSum++
bySum = 81  pbyBuff= 81 0 A0 7F
check sum ok!
VerifyCheckSum--
USB2ish[0] USBIO_I2cGetConfig--
USB2ish[0] USBIO_SPIGetConfig++
DeviceControlWrite++
DeviceControlWrite--
DeviceControlRead++
DeviceControlRead--
VerifyCheckSum++
bySum = 82  pbyBuff= 82 18 7E 53
check sum ok!
VerifyCheckSum--
USB2ish[0] USBIO_SpiGetConfig--
USB2ish[0] USBIO_SPIWrite++
UIS_Tx++
UIS_Tx--
USB2ish[0] USBIO_SPIWrite--
USB2ish[0] USBIO_SPIWrite++
UIS_Tx++
UIS_Tx--
USB2ish[0] USBIO_SPIWrite--
USB2ish[0] USBIO_SPIWrite++
UIS_Tx++
UIS_Tx--
USB2ish[0] USBIO_SPIWrite--
USB2ish[0] USBIO_SPISetConfig++
DeviceControlWrite++
DeviceControlWrite--
USB2ish[0] USBIO_SPISetConfig--
USB2ish[0] USBIO_SPIWrite++
UIS_Tx++
UIS_Tx--
USB2ish[0] USBIO_SPIWrite--
USB2ish[0] USBIO_SPIWrite++
UIS_Tx++
UIS_Tx--
USB2ish[0] USBIO_SPIWrite--
USB2ish[0] USBIO_SPIWrite++
UIS_Tx++
UIS_Tx--
USB2ish[0] USBIO_SPIWrite--
USB2ish[0] USBIO_CloseDevice++
USB2ish[0] USBIO_CloseDevice--
Trigged!
USB2ish[0] TrigFunction--
USBIO_OpenDevice++
DEV_EXIST_UNOPENED \\?\USB#VID_F134&PID_8001#BSPT002144#{A5DCBF10-6530-11D2-901F-00C04FB951ED}
dev index = 0 opened !
USBIO_OpenDevice--
USB2ish[0] USBIO_GetSerialNo++
USB2ish[0] USBIO_GetSerialNo--
USB2ish[0] USBIO_GetSerialNo--
USB2ish[0] USBIO_GetWorkMode++
UIS_Tx++
UIS_Tx--
UIS_Rx++
WAIT_OBJECT_0 wRxSize=1
UIS_Rx--
USB2ish[0] USBIO_GetWorkMode--
USB2ish[0] USBIO_SetTrigNotify++
USB2ish[0] USBIO_SetTrigNotify--
USB2ish[0] USBIO_I2cGetConfig++
DeviceControlWrite++
DeviceControlWrite--
DeviceControlRead++
USB2ish[0] TrigFunction++
handle = 438--
one--
DeviceControlRead--
VerifyCheckSum++
bySum = 81  pbyBuff= 81 0 A0 7F
check sum ok!
VerifyCheckSum--
USB2ish[0] USBIO_I2cGetConfig--
USB2ish[0] USBIO_SPIGetConfig++
DeviceControlWrite++
DeviceControlWrite--
DeviceControlRead++
DeviceControlRead--
VerifyCheckSum++
bySum = 82  pbyBuff= 82 18 7E 53
check sum ok!
VerifyCheckSum--
USB2ish[0] USBIO_SpiGetConfig--
USB2ish[0] USBIO_SPIWrite++
UIS_Tx++
UIS_Tx--
USB2ish[0] USBIO_SPIWrite--
USB2ish[0] USBIO_SPIWrite++
UIS_Tx++
UIS_Tx--
USB2ish[0] USBIO_SPIWrite--
USB2ish[0] USBIO_SPIWrite++
UIS_Tx++
UIS_Tx--
USB2ish[0] USBIO_SPIWrite--
USB2ish[0] USBIO_CloseDevice++
USB2ish[0] USBIO_CloseDevice--
Trigged!
USB2ish[0] TrigFunction--
USBIO_OpenDevice++
DEV_EXIST_UNOPENED \\?\USB#VID_F134&PID_8001#BSPT002144#{A5DCBF10-6530-11D2-901F-00C04FB951ED}
dev index = 0 opened !
USBIO_OpenDevice--
USB2ish[0] USBIO_GetSerialNo++
USB2ish[0] USBIO_GetSerialNo--
USB2ish[0] USBIO_GetSerialNo--
USB2ish[0] USBIO_GetWorkMode++
UIS_Tx++
UIS_Tx--
UIS_Rx++
WAIT_OBJECT_0 wRxSize=1
UIS_Rx--
USB2ish[0] USBIO_GetWorkMode--
USB2ish[0] USBIO_SetTrigNotify++
USB2ish[0] USBIO_SetTrigNotify--
USB2ish[0] USBIO_I2cGetConfig++
DeviceControlWrite++
DeviceControlWrite--
DeviceControlRead++
USB2ish[0] TrigFunction++
handle = 4BC--
one--
DeviceControlRead--
VerifyCheckSum++
bySum = 81  pbyBuff= 81 0 A0 7F
check sum ok!
VerifyCheckSum--
USB2ish[0] USBIO_I2cGetConfig--
USB2ish[0] USBIO_SPIGetConfig++
DeviceControlWrite++
DeviceControlWrite--
DeviceControlRead++
DeviceControlRead--
VerifyCheckSum++
bySum = 82  pbyBuff= 82 18 7E 53
check sum ok!
VerifyCheckSum--
USB2ish[0] USBIO_SpiGetConfig--
USB2ish[0] USBIO_SPIWrite++
UIS_Tx++
UIS_Tx--
USB2ish[0] USBIO_SPIWrite--
USB2ish[0] USBIO_SPIWrite++
UIS_Tx++
UIS_Tx--
USB2ish[0] USBIO_SPIWrite--
USB2ish[0] USBIO_SPIWrite++
UIS_Tx++
UIS_Tx--
USB2ish[0] USBIO_SPIWrite--
WM_DEVICECHANGE
MonitoUSB++
DBT_DEVICEREMOVECOMPLETE \\?\USB#VID_F134&PID_8001#BSPT002144#{A5DCBF10-6530-11D2-901F-00C04FB951ED}
USB device removed
MonitoUSB--
USB2ish[0] USBIO_CloseDevice++
USB2ish[0] USBIO_CloseDevice--
Trigged!
USB2ish[0] TrigFunction--
WM_DEVICECHANGE
MonitoUSB++
MonitoUSB--
WM_DEVICECHANGE
MonitoUSB++
MonitoUSB--
WM_DEVICECHANGE
MonitoUSB++
DBT_DEVICEARRIVAL \\?\USB#VID_F134&PID_8001#BSPT002144#{A5DCBF10-6530-11D2-901F-00C04FB951ED}
Find a existed index = 0
USB device pluged
MonitoUSB--
WM_DEVICECHANGE
MonitoUSB++
MonitoUSB--
USBIO_OpenDevice++
DEV_EXIST_UNOPENED \\?\USB#VID_F134&PID_8001#BSPT002144#{A5DCBF10-6530-11D2-901F-00C04FB951ED}
dev index = 0 opened !
USBIO_OpenDevice--
USB2ish[0] USBIO_GetSerialNo++
USB2ish[0] USBIO_GetSerialNo--
USB2ish[0] USBIO_GetSerialNo--
USB2ish[0] USBIO_GetWorkMode++
UIS_Tx++
UIS_Tx--
UIS_Rx++
WAIT_OBJECT_0 wRxSize=1
UIS_Rx--
USB2ish[0] USBIO_GetWorkMode--
USB2ish[0] USBIO_SetTrigNotify++
USB2ish[0] USBIO_SetTrigNotify--
USB2ish[0] USBIO_I2cGetConfig++
DeviceControlWrite++
DeviceControlWrite--
DeviceControlRead++
USB2ish[0] TrigFunction++
handle = 4C8--
one--
DeviceControlRead--
VerifyCheckSum++
bySum = 81  pbyBuff= 81 0 A0 7F
check sum ok!
VerifyCheckSum--
USB2ish[0] USBIO_I2cGetConfig--
USB2ish[0] USBIO_SPIGetConfig++
DeviceControlWrite++
DeviceControlWrite--
DeviceControlRead++
DeviceControlRead--
VerifyCheckSum++
bySum = 82  pbyBuff= 82 4 7E 53
check sum ok!
VerifyCheckSum--
USB2ish[0] USBIO_SpiGetConfig--
USB2ish[0] USBIO_SPIWrite++
UIS_Tx++
UIS_Tx--
USB2ish[0] USBIO_SPIWrite--
USB2ish[0] USBIO_SPIWrite++
UIS_Tx++
UIS_Tx--
USB2ish[0] USBIO_SPIWrite--
USB2ish[0] USBIO_SPIWrite++
UIS_Tx++
UIS_Tx--
USB2ish[0] USBIO_SPIWrite--
USB2ish[0] USBIO_CloseDevice++
USB2ish[0] USBIO_CloseDevice--
Trigged!
USB2ish[0] TrigFunction--
USBIO_OpenDevice++
DEV_EXIST_UNOPENED \\?\USB#VID_F134&PID_8001#BSPT002144#{A5DCBF10-6530-11D2-901F-00C04FB951ED}
dev index = 0 opened !
USBIO_OpenDevice--
USB2ish[0] USBIO_GetSerialNo++
USB2ish[0] USBIO_GetSerialNo--
USB2ish[0] USBIO_GetSerialNo--
USB2ish[0] USBIO_GetWorkMode++
UIS_Tx++
UIS_Tx--
UIS_Rx++
WAIT_OBJECT_0 wRxSize=1
UIS_Rx--
USB2ish[0] USBIO_GetWorkMode--
USB2ish[0] USBIO_SetTrigNotify++
USB2ish[0] USBIO_SetTrigNotify--
USB2ish[0] USBIO_I2cGetConfig++
DeviceControlWrite++
DeviceControlWrite--
DeviceControlRead++
USB2ish[0] TrigFunction++
handle = 50C--
one--
DeviceControlRead--
VerifyCheckSum++
bySum = 81  pbyBuff= 81 0 A0 7F
check sum ok!
VerifyCheckSum--
USB2ish[0] USBIO_I2cGetConfig--
USB2ish[0] USBIO_SPIGetConfig++
DeviceControlWrite++
DeviceControlWrite--
DeviceControlRead++
DeviceControlRead--
VerifyCheckSum++
bySum = 82  pbyBuff= 82 4 7E 53
check sum ok!
VerifyCheckSum--
USB2ish[0] USBIO_SpiGetConfig--
USB2ish[0] USBIO_SPIWrite++
UIS_Tx++
UIS_Tx--
USB2ish[0] USBIO_SPIWrite--
USB2ish[0] USBIO_SPIWrite++
UIS_Tx++
UIS_Tx--
USB2ish[0] USBIO_SPIWrite--
USB2ish[0] USBIO_SPIWrite++
UIS_Tx++
UIS_Tx--
USB2ish[0] USBIO_SPIWrite--
USB2ish[0] USBIO_SPISetConfig++
DeviceControlWrite++
DeviceControlWrite--
USB2ish[0] USBIO_SPISetConfig--
USB2ish[0] USBIO_SPIWrite++
UIS_Tx++
UIS_Tx--
USB2ish[0] USBIO_SPIWrite--
USB2ish[0] USBIO_SPIWrite++
UIS_Tx++
UIS_Tx--
USB2ish[0] USBIO_SPIWrite--
WM_DEVICECHANGE
MonitoUSB++
DBT_DEVICEARRIVAL \\?\USB#VID_0456&PID_B630#00E0220633E6#{A5DCBF10-6530-11D2-901F-00C04FB951ED}
USB device pluged
MonitoUSB--
WM_DEVICECHANGE
MonitoUSB++
MonitoUSB--
WM_DEVICECHANGE
MonitoUSB++
MonitoUSB--
WM_DEVICECHANGE
MonitoUSB++
DBT_DEVICEREMOVECOMPLETE \\?\USB#VID_0456&PID_B630#00E0220633E6#{A5DCBF10-6530-11D2-901F-00C04FB951ED}
USB device removed
MonitoUSB--
WM_DEVICECHANGE
MonitoUSB++
MonitoUSB--
WM_DEVICECHANGE
MonitoUSB++
DBT_DEVICEARRIVAL \\?\USB#VID_0456&PID_B630#6&279DB7B3&0&1#{A5DCBF10-6530-11D2-901F-00C04FB951ED}
USB device pluged
MonitoUSB--
WM_DEVICECHANGE
MonitoUSB++
MonitoUSB--
WM_DEVICECHANGE
MonitoUSB++
MonitoUSB--
WM_DEVICECHANGE
MonitoUSB++
DBT_DEVICEREMOVECOMPLETE \\?\USB#VID_F134&PID_8001#BSPT002144#{A5DCBF10-6530-11D2-901F-00C04FB951ED}
USB device removed
MonitoUSB--
USB2ish[0] USBIO_CloseDevice++
USB2ish[0] USBIO_CloseDevice--
Trigged!
USB2ish[0] TrigFunction--
WM_DEVICECHANGE
MonitoUSB++
MonitoUSB--
WM_DEVICECHANGE
MonitoUSB++
DBT_DEVICEREMOVECOMPLETE \\?\USB#VID_0456&PID_B630#6&279DB7B3&0&1#{A5DCBF10-6530-11D2-901F-00C04FB951ED}
USB device removed
MonitoUSB--
WM_DEVICECHANGE
MonitoUSB++
MonitoUSB--
WM_DEVICECHANGE
MonitoUSB++
MonitoUSB--
WM_DEVICECHANGE
MonitoUSB++
DBT_DEVICEARRIVAL \\?\USB#VID_F134&PID_8001#BSPT002144#{A5DCBF10-6530-11D2-901F-00C04FB951ED}
Find a existed index = 0
USB device pluged
MonitoUSB--
WM_DEVICECHANGE
MonitoUSB++
MonitoUSB--
USBIO_OpenDevice++
DEV_EXIST_UNOPENED \\?\USB#VID_F134&PID_8001#BSPT002144#{A5DCBF10-6530-11D2-901F-00C04FB951ED}
dev index = 0 opened !
USBIO_OpenDevice--
USB2ish[0] USBIO_GetSerialNo++
USB2ish[0] USBIO_GetSerialNo--
USB2ish[0] USBIO_GetSerialNo--
USB2ish[0] USBIO_GetWorkMode++
UIS_Tx++
UIS_Tx--
UIS_Rx++
WAIT_OBJECT_0 wRxSize=1
UIS_Rx--
USB2ish[0] USBIO_GetWorkMode--
USB2ish[0] USBIO_SetTrigNotify++
USB2ish[0] USBIO_SetTrigNotify--
USB2ish[0] USBIO_I2cGetConfig++
DeviceControlWrite++
DeviceControlWrite--
DeviceControlRead++
USB2ish[0] TrigFunction++
handle = 50C--
one--
DeviceControlRead--
VerifyCheckSum++
bySum = 81  pbyBuff= 81 0 A0 7F
check sum ok!
VerifyCheckSum--
USB2ish[0] USBIO_I2cGetConfig--
USB2ish[0] USBIO_SPIGetConfig++
DeviceControlWrite++
DeviceControlWrite--
DeviceControlRead++
DeviceControlRead--
VerifyCheckSum++
bySum = 82  pbyBuff= 82 4 7E 53
check sum ok!
VerifyCheckSum--
USB2ish[0] USBIO_SpiGetConfig--
USB2ish[0] USBIO_SPIWrite++
UIS_Tx++
UIS_Tx--
USB2ish[0] USBIO_SPIWrite--
USB2ish[0] USBIO_SPISetConfig++
DeviceControlWrite++
DeviceControlWrite--
USB2ish[0] USBIO_SPISetConfig--
USB2ish[0] USBIO_SPIWrite++
UIS_Tx++
UIS_Tx--
USB2ish[0] USBIO_SPIWrite--
USB2ish[0] USBIO_SPIWrite++
UIS_Tx++
UIS_Tx--
USB2ish[0] USBIO_SPIWrite--
USB2ish[0] USBIO_SPIWrite++
UIS_Tx++
UIS_Tx--
USB2ish[0] USBIO_SPIWrite--
USB2ish[0] USBIO_CloseDevice++
USB2ish[0] USBIO_CloseDevice--
Trigged!
USB2ish[0] TrigFunction--
WM_DEVICECHANGE
MonitoUSB++
DBT_DEVICEREMOVECOMPLETE \\?\USB#VID_F134&PID_8001#BSPT002144#{A5DCBF10-6530-11D2-901F-00C04FB951ED}
USB device removed
MonitoUSB--
WM_DEVICECHANGE
MonitoUSB++
MonitoUSB--
WM_DEVICECHANGE
MonitoUSB++
MonitoUSB--
WM_DEVICECHANGE
MonitoUSB++
DBT_DEVICEARRIVAL \\?\USB#VID_F134&PID_8001#BSPT002144#{A5DCBF10-6530-11D2-901F-00C04FB951ED}
Find a empty index = 0
update dev[0] path = \\?\USB#VID_F134&PID_8001#BSPT002144#{A5DCBF10-6530-11D2-901F-00C04FB951ED}
USB device pluged
MonitoUSB--
WM_DEVICECHANGE
MonitoUSB++
MonitoUSB--
WM_DEVICECHANGE
MonitoUSB++
DBT_DEVICEREMOVECOMPLETE \\?\USB#VID_F134&PID_8001#BSPT002144#{A5DCBF10-6530-11D2-901F-00C04FB951ED}
USB device removed
MonitoUSB--
WM_DEVICECHANGE
MonitoUSB++
MonitoUSB--
WM_DEVICECHANGE
MonitoUSB++
MonitoUSB--
WM_DEVICECHANGE
MonitoUSB++
DBT_DEVICEARRIVAL \\?\USB#VID_F134&PID_8001#BSPT002144#{A5DCBF10-6530-11D2-901F-00C04FB951ED}
Find a empty index = 0
update dev[0] path = \\?\USB#VID_F134&PID_8001#BSPT002144#{A5DCBF10-6530-11D2-901F-00C04FB951ED}
USB device pluged
MonitoUSB--
WM_DEVICECHANGE
MonitoUSB++
MonitoUSB--
USBIO_OpenDevice++
DEV_EXIST_UNOPENED \\?\USB#VID_F134&PID_8001#BSPT002144#{A5DCBF10-6530-11D2-901F-00C04FB951ED}
dev index = 0 opened !
USBIO_OpenDevice--
USB2ish[0] USBIO_GetSerialNo++
USB2ish[0] USBIO_GetSerialNo--
USB2ish[0] USBIO_GetSerialNo--
USB2ish[0] USBIO_GetWorkMode++
UIS_Tx++
UIS_Tx--
UIS_Rx++
WAIT_OBJECT_0 wRxSize=1
UIS_Rx--
USB2ish[0] USBIO_GetWorkMode--
USB2ish[0] USBIO_SetTrigNotify++
USB2ish[0] USBIO_SetTrigNotify--
USB2ish[0] USBIO_I2cGetConfig++
DeviceControlWrite++
DeviceControlWrite--
DeviceControlRead++
USB2ish[0] TrigFunction++
handle = 59C--
one--
DeviceControlRead--
VerifyCheckSum++
bySum = 81  pbyBuff= 81 0 A0 7F
check sum ok!
VerifyCheckSum--
USB2ish[0] USBIO_I2cGetConfig--
USB2ish[0] USBIO_SPIGetConfig++
DeviceControlWrite++
DeviceControlWrite--
DeviceControlRead++
DeviceControlRead--
VerifyCheckSum++
bySum = 82  pbyBuff= 82 18 7E 53
check sum ok!
VerifyCheckSum--
USB2ish[0] USBIO_SpiGetConfig--
USB2ish[0] USBIO_SPISetConfig++
DeviceControlWrite++
DeviceControlWrite--
USB2ish[0] USBIO_SPISetConfig--
USB2ish[0] USBIO_SPIWrite++
UIS_Tx++
UIS_Tx--
USB2ish[0] USBIO_SPIWrite--
USB2ish[0] USBIO_SPIWrite++
UIS_Tx++
UIS_Tx--
USB2ish[0] USBIO_SPIWrite--
WM_DEVICECHANGE
MonitoUSB++
DBT_DEVICEREMOVECOMPLETE \\?\USB#VID_F134&PID_8001#BSPT002144#{A5DCBF10-6530-11D2-901F-00C04FB951ED}
USB device removed
MonitoUSB--
USB2ish[0] USBIO_CloseDevice++
USB2ish[0] USBIO_CloseDevice--
Trigged!
USB2ish[0] TrigFunction--
WM_DEVICECHANGE
MonitoUSB++
MonitoUSB--
WM_DEVICECHANGE
MonitoUSB++
MonitoUSB--
WM_DEVICECHANGE
MonitoUSB++
DBT_DEVICEARRIVAL \\?\USB#VID_F134&PID_8001#BSPT002144#{A5DCBF10-6530-11D2-901F-00C04FB951ED}
Find a existed index = 0
USB device pluged
MonitoUSB--
WM_DEVICECHANGE
MonitoUSB++
MonitoUSB--
USBIO_OpenDevice++
DEV_EXIST_UNOPENED \\?\USB#VID_F134&PID_8001#BSPT002144#{A5DCBF10-6530-11D2-901F-00C04FB951ED}
dev index = 0 opened !
USBIO_OpenDevice--
USB2ish[0] USBIO_GetSerialNo++
USB2ish[0] USBIO_GetSerialNo--
USB2ish[0] USBIO_GetSerialNo--
USB2ish[0] USBIO_GetWorkMode++
UIS_Tx++
UIS_Tx--
UIS_Rx++
WAIT_OBJECT_0 wRxSize=1
UIS_Rx--
USB2ish[0] USBIO_GetWorkMode--
USB2ish[0] USBIO_SetTrigNotify++
USB2ish[0] USBIO_SetTrigNotify--
USB2ish[0] USBIO_I2cGetConfig++
DeviceControlWrite++
DeviceControlWrite--
DeviceControlRead++
USB2ish[0] TrigFunction++
handle = 5CC--
one--
DeviceControlRead--
VerifyCheckSum++
bySum = 81  pbyBuff= 81 0 A0 7F
check sum ok!
VerifyCheckSum--
USB2ish[0] USBIO_I2cGetConfig--
USB2ish[0] USBIO_SPIGetConfig++
DeviceControlWrite++
DeviceControlWrite--
DeviceControlRead++
DeviceControlRead--
VerifyCheckSum++
bySum = 82  pbyBuff= 82 4 7E 53
check sum ok!
VerifyCheckSum--
USB2ish[0] USBIO_SpiGetConfig--
USB2ish[0] USBIO_SPIWrite++
UIS_Tx++
UIS_Tx--
USB2ish[0] USBIO_SPIWrite--
USB2ish[0] USBIO_SPIWrite++
UIS_Tx++
UIS_Tx--
USB2ish[0] USBIO_SPIWrite--
USB2ish[0] USBIO_SPIWrite++
UIS_Tx++
UIS_Tx--
USB2ish[0] USBIO_SPIWrite--
USB2ish[0] USBIO_SPIWrite++
UIS_Tx++
UIS_Tx--
USB2ish[0] USBIO_SPIWrite--
USB2ish[0] USBIO_CloseDevice++
USB2ish[0] USBIO_CloseDevice--
Trigged!
USB2ish[0] TrigFunction--
USBIO_OpenDevice++
DEV_EXIST_UNOPENED \\?\USB#VID_F134&PID_8001#BSPT002144#{A5DCBF10-6530-11D2-901F-00C04FB951ED}
dev index = 0 opened !
USBIO_OpenDevice--
USB2ish[0] USBIO_GetSerialNo++
USB2ish[0] USBIO_GetSerialNo--
USB2ish[0] USBIO_GetSerialNo--
USB2ish[0] USBIO_GetWorkMode++
UIS_Tx++
UIS_Tx--
UIS_Rx++
WAIT_OBJECT_0 wRxSize=1
UIS_Rx--
USB2ish[0] USBIO_GetWorkMode--
USB2ish[0] USBIO_SetTrigNotify++
USB2ish[0] USBIO_SetTrigNotify--
USB2ish[0] USBIO_I2cGetConfig++
DeviceControlWrite++
DeviceControlWrite--
DeviceControlRead++
USB2ish[0] TrigFunction++
handle = 594--
one--
DeviceControlRead--
VerifyCheckSum++
bySum = 81  pbyBuff= 81 0 A0 7F
check sum ok!
VerifyCheckSum--
USB2ish[0] USBIO_I2cGetConfig--
USB2ish[0] USBIO_SPIGetConfig++
DeviceControlWrite++
DeviceControlWrite--
DeviceControlRead++
DeviceControlRead--
VerifyCheckSum++
bySum = 82  pbyBuff= 82 18 7E 53
check sum ok!
VerifyCheckSum--
USB2ish[0] USBIO_SpiGetConfig--
USB2ish[0] USBIO_SPISetConfig++
DeviceControlWrite++
DeviceControlWrite--
USB2ish[0] USBIO_SPISetConfig--
USB2ish[0] USBIO_SPIWrite++
UIS_Tx++
UIS_Tx--
USB2ish[0] USBIO_SPIWrite--
USB2ish[0] USBIO_SPIWrite++
UIS_Tx++
UIS_Tx--
USB2ish[0] USBIO_SPIWrite--
USB2ish[0] USBIO_CloseDevice++
USB2ish[0] USBIO_CloseDevice--
Trigged!
USB2ish[0] TrigFunction--
USBIO_OpenDevice++
DEV_EXIST_UNOPENED \\?\USB#VID_F134&PID_8001#BSPT002144#{A5DCBF10-6530-11D2-901F-00C04FB951ED}
dev index = 0 opened !
USBIO_OpenDevice--
USB2ish[0] USBIO_GetSerialNo++
USB2ish[0] USBIO_GetSerialNo--
USB2ish[0] USBIO_GetSerialNo--
USB2ish[0] USBIO_GetWorkMode++
UIS_Tx++
UIS_Tx--
UIS_Rx++
WAIT_OBJECT_0 wRxSize=1
UIS_Rx--
USB2ish[0] USBIO_GetWorkMode--
USB2ish[0] USBIO_SetTrigNotify++
USB2ish[0] USBIO_SetTrigNotify--
USB2ish[0] USBIO_I2cGetConfig++
DeviceControlWrite++
DeviceControlWrite--
DeviceControlRead++
USB2ish[0] TrigFunction++
handle = 594--
one--
DeviceControlRead--
VerifyCheckSum++
bySum = 81  pbyBuff= 81 0 A0 7F
check sum ok!
VerifyCheckSum--
USB2ish[0] USBIO_I2cGetConfig--
USB2ish[0] USBIO_SPIGetConfig++
DeviceControlWrite++
DeviceControlWrite--
DeviceControlRead++
DeviceControlRead--
VerifyCheckSum++
bySum = 82  pbyBuff= 82 18 7E 53
check sum ok!
VerifyCheckSum--
USB2ish[0] USBIO_SpiGetConfig--
USB2ish[0] USBIO_SPIWrite++
UIS_Tx++
UIS_Tx--
USB2ish[0] USBIO_SPIWrite--
USB2ish[0] USBIO_CloseDevice++
USB2ish[0] USBIO_CloseDevice--
Trigged!
USB2ish[0] TrigFunction--
Dll_Process_Detach++
Dll_Process_Detach--
-----------      End       -----------
BUILD_VERSION: USB2ISH_DLL_M00.10
BUILD_DATE: Aug 22 2016
BUILD_TIME: 15:16:52
Dll_Process_Attach++
Dll_Process_Attach--
USBIO_SetUSBNotify--
USBIO_OpenDevice++
DEV_EXIST_UNOPENED \\?\USB#VID_F134&PID_8001#BSPT002144#{A5DCBF10-6530-11D2-901F-00C04FB951ED}
dev index = 0 opened !
USBIO_OpenDevice--
USB2ish[0] USBIO_GetSerialNo++
USB2ish[0] USBIO_GetSerialNo--
USB2ish[0] USBIO_GetSerialNo--
USB2ish[0] USBIO_GetWorkMode++
UIS_Tx++
UIS_Tx--
UIS_Rx++
WAIT_OBJECT_0 wRxSize=1
UIS_Rx--
USB2ish[0] USBIO_GetWorkMode--
USB2ish[0] USBIO_SetTrigNotify++
USB2ish[0] USBIO_SetTrigNotify--
USB2ish[0] USBIO_I2cGetConfig++
DeviceControlWrite++
DeviceControlWrite--
DeviceControlRead++
USB2ish[0] TrigFunction++
handle = 438--
one--
DeviceControlRead--
VerifyCheckSum++
bySum = 81  pbyBuff= 81 0 A0 7F
check sum ok!
VerifyCheckSum--
USB2ish[0] USBIO_I2cGetConfig--
USB2ish[0] USBIO_SPIGetConfig++
DeviceControlWrite++
DeviceControlWrite--
DeviceControlRead++
DeviceControlRead--
VerifyCheckSum++
bySum = 82  pbyBuff= 82 18 7E 53
check sum ok!
VerifyCheckSum--
USB2ish[0] USBIO_SpiGetConfig--
USB2ish[0] USBIO_SPIRead++
UIS_Tx++
UIS_Tx--
3
UIS_Rx++
WAIT_OBJECT_0 wRxSize=5
UIS_Rx--
VerifyCheckSum++
bySum = 82  pbyBuff= 82 0 0 0
check sum ok!
VerifyCheckSum--
USB2ish[0] USBIO_SPIRead--
USB2ish[0] USBIO_SPIRead++
UIS_Tx++
UIS_Tx--
3
UIS_Rx++
WAIT_OBJECT_0 wRxSize=5
UIS_Rx--
VerifyCheckSum++
bySum = 82  pbyBuff= 82 0 0 0
check sum ok!
VerifyCheckSum--
USB2ish[0] USBIO_SPIRead--
USB2ish[0] USBIO_SPIRead++
UIS_Tx++
UIS_Tx--
3
UIS_Rx++
WAIT_OBJECT_0 wRxSize=5
UIS_Rx--
VerifyCheckSum++
bySum = 82  pbyBuff= 82 0 0 0
check sum ok!
VerifyCheckSum--
USB2ish[0] USBIO_SPIRead--
USB2ish[0] USBIO_SPIRead++
UIS_Tx++
UIS_Tx--
3
UIS_Rx++
WAIT_OBJECT_0 wRxSize=5
UIS_Rx--
VerifyCheckSum++
bySum = 82  pbyBuff= 82 0 0 0
check sum ok!
VerifyCheckSum--
USB2ish[0] USBIO_SPIRead--
USB2ish[0] USBIO_SPIRead++
UIS_Tx++
UIS_Tx--
3
UIS_Rx++
WAIT_OBJECT_0 wRxSize=5
UIS_Rx--
VerifyCheckSum++
bySum = 82  pbyBuff= 82 0 0 0
check sum ok!
VerifyCheckSum--
USB2ish[0] USBIO_SPIRead--
USB2ish[0] USBIO_SPIWrite++
UIS_Tx++
UIS_Tx--
USB2ish[0] USBIO_SPIWrite--
USB2ish[0] USBIO_SPIRead++
UIS_Tx++
UIS_Tx--
3
UIS_Rx++
WAIT_OBJECT_0 wRxSize=5
UIS_Rx--
VerifyCheckSum++
bySum = 82  pbyBuff= 82 0 0 0
check sum ok!
VerifyCheckSum--
USB2ish[0] USBIO_SPIRead--
USB2ish[0] USBIO_SPIRead++
UIS_Tx++
UIS_Tx--
3
UIS_Rx++
WAIT_OBJECT_0 wRxSize=5
UIS_Rx--
VerifyCheckSum++
bySum = 82  pbyBuff= 82 0 0 0
check sum ok!
VerifyCheckSum--
USB2ish[0] USBIO_SPIRead--
USB2ish[0] USBIO_SPIWrite++
UIS_Tx++
UIS_Tx--
USB2ish[0] USBIO_SPIWrite--
USB2ish[0] USBIO_SPIWrite++
UIS_Tx++
UIS_Tx--
USB2ish[0] USBIO_SPIWrite--
USB2ish[0] USBIO_SPIWrite++
UIS_Tx++
UIS_Tx--
USB2ish[0] USBIO_SPIWrite--
USB2ish[0] USBIO_SPIRead++
UIS_Tx++
UIS_Tx--
3
UIS_Rx++
WAIT_OBJECT_0 wRxSize=5
UIS_Rx--
VerifyCheckSum++
bySum = 82  pbyBuff= 82 0 0 0
check sum ok!
VerifyCheckSum--
USB2ish[0] USBIO_SPIRead--
USB2ish[0] USBIO_SPIRead++
UIS_Tx++
UIS_Tx--
3
UIS_Rx++
WAIT_OBJECT_0 wRxSize=5
UIS_Rx--
VerifyCheckSum++
bySum = 82  pbyBuff= 82 0 0 0
check sum ok!
VerifyCheckSum--
USB2ish[0] USBIO_SPIRead--
USB2ish[0] USBIO_SPIRead++
UIS_Tx++
UIS_Tx--
3
UIS_Rx++
WAIT_OBJECT_0 wRxSize=5
UIS_Rx--
VerifyCheckSum++
bySum = 82  pbyBuff= 82 0 0 0
check sum ok!
VerifyCheckSum--
USB2ish[0] USBIO_SPIRead--
USB2ish[0] USBIO_SPIRead++
UIS_Tx++
UIS_Tx--
3
UIS_Rx++
WAIT_OBJECT_0 wRxSize=5
UIS_Rx--
VerifyCheckSum++
bySum = 82  pbyBuff= 82 0 0 0
check sum ok!
VerifyCheckSum--
USB2ish[0] USBIO_SPIRead--
USB2ish[0] USBIO_SPIRead++
UIS_Tx++
UIS_Tx--
3
UIS_Rx++
WAIT_OBJECT_0 wRxSize=5
UIS_Rx--
VerifyCheckSum++
bySum = 82  pbyBuff= 82 0 0 0
check sum ok!
VerifyCheckSum--
USB2ish[0] USBIO_SPIRead--
USB2ish[0] USBIO_SPIRead++
UIS_Tx++
UIS_Tx--
3
UIS_Rx++
WAIT_OBJECT_0 wRxSize=5
UIS_Rx--
VerifyCheckSum++
bySum = 82  pbyBuff= 82 0 0 0
check sum ok!
VerifyCheckSum--
USB2ish[0] USBIO_SPIRead--
USB2ish[0] USBIO_SPIRead++
UIS_Tx++
UIS_Tx--
3
UIS_Rx++
WAIT_OBJECT_0 wRxSize=5
UIS_Rx--
VerifyCheckSum++
bySum = 82  pbyBuff= 82 0 0 0
check sum ok!
VerifyCheckSum--
USB2ish[0] USBIO_SPIRead--
USB2ish[0] USBIO_SPIRead++
UIS_Tx++
UIS_Tx--
3
UIS_Rx++
WAIT_OBJECT_0 wRxSize=5
UIS_Rx--
VerifyCheckSum++
bySum = 82  pbyBuff= 82 0 0 0
check sum ok!
VerifyCheckSum--
USB2ish[0] USBIO_SPIRead--
USB2ish[0] USBIO_SPIWrite++
UIS_Tx++
UIS_Tx--
USB2ish[0] USBIO_SPIWrite--
USB2ish[0] USBIO_SPIRead++
UIS_Tx++
UIS_Tx--
3
UIS_Rx++
WAIT_OBJECT_0 wRxSize=5
UIS_Rx--
VerifyCheckSum++
bySum = 82  pbyBuff= 82 0 0 0
check sum ok!
VerifyCheckSum--
USB2ish[0] USBIO_SPIRead--
USB2ish[0] USBIO_SPIRead++
UIS_Tx++
UIS_Tx--
3
UIS_Rx++
WAIT_OBJECT_0 wRxSize=5
UIS_Rx--
VerifyCheckSum++
bySum = 82  pbyBuff= 82 0 0 0
check sum ok!
VerifyCheckSum--
USB2ish[0] USBIO_SPIRead--
USB2ish[0] USBIO_SPIRead++
UIS_Tx++
UIS_Tx--
3
UIS_Rx++
WAIT_OBJECT_0 wRxSize=5
UIS_Rx--
VerifyCheckSum++
bySum = 82  pbyBuff= 82 0 0 0
check sum ok!
VerifyCheckSum--
USB2ish[0] USBIO_SPIRead--
USB2ish[0] USBIO_CloseDevice++
USB2ish[0] USBIO_CloseDevice--
Trigged!
USB2ish[0] TrigFunction--
Dll_Process_Detach++
Dll_Process_Detach--
-----------      End       -----------
